
> frontend@0.1.0 npx
> tsc --noEmit

src/app/api/newsletters/route.ts(4,28): error TS2307: Cannot find module '../../../types/newsletter/index' or its corresponding type declarations.
src/app/layout.tsx(4,20): error TS2307: Cannot find module '../components/Footer' or its corresponding type declarations.
src/app/layout.tsx(5,20): error TS2307: Cannot find module '../components/Header' or its corresponding type declarations.
src/app/layout.tsx(6,31): error TS2307: Cannot find module '../components/theme/ThemeProvider' or its corresponding type declarations.
src/core/types/pages/bylaws.ts(6,8): error TS2307: Cannot find module '../../../types/content/bylaws' or its corresponding type declarations.
src/core/utils/graphql/graphql.ts(2,30): error TS2307: Cannot find module './fetcher' or its corresponding type declarations.
src/features/bylaws/components/BylawsDocument.tsx(1,35): error TS2307: Cannot find module '../../../content/bylaws/bylawsDocument.json' or its corresponding type declarations.
src/features/bylaws/components/BylawsDocument.tsx(2,39): error TS2307: Cannot find module '../../../types/content/bylaws' or its corresponding type declarations.
src/features/bylaws/components/FrequentlyAskedQuestions.tsx(1,24): error TS2307: Cannot find module '../../../content/bylaws/frequentlyAskedQuestions.json' or its corresponding type declarations.
src/features/bylaws/components/FrequentlyAskedQuestions.tsx(2,28): error TS2307: Cannot find module '../../../types/content/bylaws' or its corresponding type declarations.
src/features/bylaws/components/FrequentlyAskedQuestions.tsx(19,41): error TS7006: Parameter 'faq' implicitly has an 'any' type.
src/features/bylaws/components/FrequentlyAskedQuestions.tsx(19,46): error TS7006: Parameter 'index' implicitly has an 'any' type.
src/features/bylaws/components/KeyGovernanceSections.tsx(2,34): error TS2307: Cannot find module '../../../content/bylaws/keyGovernanceSections.json' or its corresponding type declarations.
src/features/bylaws/components/KeyGovernanceSections.tsx(3,46): error TS2307: Cannot find module '../../../types/content/bylaws' or its corresponding type declarations.
src/features/bylaws/components/KeyGovernanceSections.tsx(23,50): error TS7006: Parameter 'section' implicitly has an 'any' type.
src/features/bylaws/components/KeyGovernanceSections.tsx(23,59): error TS7006: Parameter 'index' implicitly has an 'any' type.
src/features/bylaws/components/OtherDocuments.tsx(1,35): error TS2307: Cannot find module '../../../content/bylaws/otherDocuments.json' or its corresponding type declarations.
src/features/bylaws/components/OtherDocuments.tsx(2,39): error TS2307: Cannot find module '../../../types/content/bylaws' or its corresponding type declarations.
src/features/bylaws/components/OtherDocuments.tsx(16,52): error TS7006: Parameter 'document' implicitly has an 'any' type.
src/features/bylaws/components/OtherDocuments.tsx(16,62): error TS7006: Parameter 'index' implicitly has an 'any' type.
src/features/home/components/ChapterStatsSection.tsx(5,33): error TS2307: Cannot find module '../../content/consolidated/home.json' or its corresponding type declarations.
src/features/home/components/ChapterStatsSection.tsx(6,44): error TS2307: Cannot find module '../../types/content/home' or its corresponding type declarations.
src/features/home/components/ChapterStatsSection.tsx(61,52): error TS7006: Parameter 'stat' implicitly has an 'any' type.
src/features/home/components/GetInvolvedSection/CommitteeItem.tsx(1,27): error TS2307: Cannot find module '../../../types/content/home' or its corresponding type declarations.
src/features/home/components/GetInvolvedSection/CommitteesCard.tsx(2,31): error TS2307: Cannot find module '../../../content/consolidated/home.json' or its corresponding type declarations.
src/features/home/components/GetInvolvedSection/CommitteesCard.tsx(3,39): error TS2307: Cannot find module '../../../types/content/home' or its corresponding type declarations.
src/features/home/components/GetInvolvedSection/CommitteesCard.tsx(41,35): error TS7006: Parameter 'committee' implicitly has an 'any' type.
src/features/home/components/GetInvolvedSection/CommitteesCard.tsx(41,46): error TS7006: Parameter 'index' implicitly has an 'any' type.
src/features/home/components/GetInvolvedSection/EventItem.tsx(1,31): error TS2307: Cannot find module '../../../types/content/home' or its corresponding type declarations.
src/features/home/components/GetInvolvedSection/index.tsx(6,32): error TS2307: Cannot find module '../../../content/consolidated/home.json' or its corresponding type declarations.
src/features/home/components/GetInvolvedSection/index.tsx(7,43): error TS2307: Cannot find module '../../../types/content/home' or its corresponding type declarations.
src/features/home/components/GetInvolvedSection/UpcomingEventsCard.tsx(2,35): error TS2307: Cannot find module '../../../content/consolidated/home.json' or its corresponding type declarations.
src/features/home/components/GetInvolvedSection/UpcomingEventsCard.tsx(3,43): error TS2307: Cannot find module '../../../types/content/home' or its corresponding type declarations.
src/features/home/components/GetInvolvedSection/UpcomingEventsCard.tsx(34,49): error TS7006: Parameter 'event' implicitly has an 'any' type.
src/features/home/components/GetInvolvedSection/UpcomingEventsCard.tsx(34,56): error TS7006: Parameter 'index' implicitly has an 'any' type.
src/features/home/components/HeroSection.tsx(7,22): error TS2307: Cannot find module '../../content/consolidated/home.json' or its corresponding type declarations.
src/features/home/components/HeroSection.tsx(8,36): error TS2307: Cannot find module '../../types/content/home' or its corresponding type declarations.
src/features/home/components/HeroSection.tsx(9,18): error TS2307: Cannot find module '../ui/Blob' or its corresponding type declarations.
src/features/home/components/HeroSection.tsx(10,28): error TS2307: Cannot find module '../ui/Confetti' or its corresponding type declarations.
src/features/home/components/HeroSection.tsx(130,18): error TS7006: Parameter 's' implicitly has an 'any' type.
src/features/home/components/HeroSection.tsx(130,21): error TS7006: Parameter 'i' implicitly has an 'any' type.
src/features/home/components/JoinCTASection.tsx(7,28): error TS2307: Cannot find module '../../content/consolidated/home.json' or its corresponding type declarations.
src/features/home/components/JoinCTASection.tsx(8,39): error TS2307: Cannot find module '../../types/content/home' or its corresponding type declarations.
src/features/home/components/JoinCTASection.tsx(9,28): error TS2307: Cannot find module '../ui/Confetti' or its corresponding type declarations.
src/features/home/components/MissionSection.tsx(7,22): error TS2307: Cannot find module '../../content/consolidated/home.json' or its corresponding type declarations.
src/features/home/components/MissionSection.tsx(8,39): error TS2307: Cannot find module '../../types/content/home' or its corresponding type declarations.
src/features/home/components/MissionSection.tsx(108,32): error TS7006: Parameter 'p' implicitly has an 'any' type.
src/features/home/components/MissionSection.tsx(108,35): error TS7006: Parameter 'i' implicitly has an 'any' type.
src/features/home/components/StrategicPrioritiesSection.tsx(5,22): error TS2307: Cannot find module '../../content/consolidated/home.json' or its corresponding type declarations.
src/features/home/components/StrategicPrioritiesSection.tsx(6,51): error TS2307: Cannot find module '../../types/content/home' or its corresponding type declarations.
src/features/home/components/StrategicPrioritiesSection.tsx(7,37): error TS2307: Cannot find module '../../utils/animations' or its corresponding type declarations.
src/features/home/components/StrategicPrioritiesSection.tsx(8,18): error TS2307: Cannot find module '../ui/Blob' or its corresponding type declarations.
src/features/home/components/StrategicPrioritiesSection.tsx(68,30): error TS7006: Parameter 'p' implicitly has an 'any' type.
src/features/home/components/StrategicPrioritiesSection.tsx(68,33): error TS7006: Parameter 'i' implicitly has an 'any' type.
